2025-09-06 23:32:29 StartAsync
2025-09-06 23:32:29 StopAsync
2025-09-06 23:32:29 Monitor: state Connecting gap -1
2025-09-06 23:32:29 WS state Connecting attempt 0
2025-09-06 23:32:30 WS connected
2025-09-06 23:32:38 StopAsync
2025-09-06 23:32:38 CloseAsync error: The WebSocket is in an invalid state ('Aborted') for this operation. Valid states are: 'Open, CloseReceived, CloseSent'
2025-09-06 23:32:38 ConnectLoop error: The operation was canceled.
2025-09-06 23:32:38 WS closed
2025-09-06 23:36:44 StartAsync
2025-09-06 23:36:44 StopAsync
2025-09-06 23:36:44 Monitor: state Connecting gap -1
2025-09-06 23:36:45 WS state Connecting attempt 0
2025-09-06 23:36:46 WS connected
2025-09-06 23:40:27 StartAsync
2025-09-06 23:40:27 StopAsync
2025-09-06 23:40:27 Monitor: state Closed gap -1
2025-09-06 23:40:28 WS state Connecting attempt 0
2025-09-06 23:40:28 WS connected
2025-09-06 23:41:16 StopAsync
2025-09-06 23:41:16 CloseAsync error: The WebSocket is in an invalid state ('Aborted') for this operation. Valid states are: 'Open, CloseReceived, CloseSent'
2025-09-06 23:41:16 ConnectLoop error: The operation was canceled.
2025-09-06 23:41:16 WS closed
2025-09-06 23:41:21 StartAsync
2025-09-06 23:41:21 StopAsync
2025-09-06 23:41:21 Monitor: state Closed gap -1
2025-09-06 23:41:21 WS state Connecting attempt 0
2025-09-06 23:41:22 WS connected
2025-09-06 23:41:32 Monitor: no data for 6069 ms
2025-09-06 23:41:50 Monitor: no data for 24632 ms
2025-09-06 23:41:53 StopAsync
2025-09-06 23:41:53 ConnectLoop error: The operation was canceled.
2025-09-06 23:41:53 WS closed
2025-09-06 23:41:53 CloseAsync error: The WebSocket is in an invalid state ('Aborted') for this operation. Valid states are: 'Open, CloseReceived, CloseSent'
2025-09-06 23:44:00 StartAsync
2025-09-06 23:44:00 StopAsync
2025-09-06 23:44:00 Monitor: state Closed gap -1
2025-09-06 23:44:00 WS state Connecting attempt 0
2025-09-06 23:44:01 WS connected
2025-09-06 23:45:40 Parse error: Başka bir iş parçacığına ait olduğundan çağıran iş parçacığı bu nesneye erişemiyor.
2025-09-06 23:45:50 Parse error: Başka bir iş parçacığına ait olduğundan çağıran iş parçacığı bu nesneye erişemiyor.
2025-09-06 23:45:51 Parse error: Başka bir iş parçacığına ait olduğundan çağıran iş parçacığı bu nesneye erişemiyor.
2025-09-06 23:45:52 Parse error: Başka bir iş parçacığına ait olduğundan çağıran iş parçacığı bu nesneye erişemiyor.
2025-09-06 23:45:53 Parse error: Başka bir iş parçacığına ait olduğundan çağıran iş parçacığı bu nesneye erişemiyor.
2025-09-06 23:45:55 Parse error: Başka bir iş parçacığına ait olduğundan çağıran iş parçacığı bu nesneye erişemiyor.
2025-09-06 23:45:57 Parse error: Başka bir iş parçacığına ait olduğundan çağıran iş parçacığı bu nesneye erişemiyor.
2025-09-06 23:46:01 Parse error: Başka bir iş parçacığına ait olduğundan çağıran iş parçacığı bu nesneye erişemiyor.
2025-09-06 23:46:02 Parse error: Başka bir iş parçacığına ait olduğundan çağıran iş parçacığı bu nesneye erişemiyor.
2025-09-06 23:46:04 Parse error: Başka bir iş parçacığına ait olduğundan çağıran iş parçacığı bu nesneye erişemiyor.
2025-09-06 23:46:06 Parse error: Başka bir iş parçacığına ait olduğundan çağıran iş parçacığı bu nesneye erişemiyor.
2025-09-06 23:46:07 Parse error: Başka bir iş parçacığına ait olduğundan çağıran iş parçacığı bu nesneye erişemiyor.
2025-09-06 23:46:09 Parse error: Başka bir iş parçacığına ait olduğundan çağıran iş parçacığı bu nesneye erişemiyor.
2025-09-06 23:46:11 Parse error: Başka bir iş parçacığına ait olduğundan çağıran iş parçacığı bu nesneye erişemiyor.
2025-09-06 23:46:17 Parse error: Başka bir iş parçacığına ait olduğundan çağıran iş parçacığı bu nesneye erişemiyor.
2025-09-06 23:46:17 StopAsync
2025-09-06 23:46:17 ConnectLoop error: The operation was canceled.
2025-09-06 23:46:17 WS closed
2025-09-06 23:46:17 CloseAsync error: The WebSocket is in an invalid state ('Aborted') for this operation. Valid states are: 'Open, CloseReceived, CloseSent'
2025-09-06 23:47:36 StartAsync
2025-09-06 23:47:36 StopAsync
2025-09-06 23:47:36 Monitor: state Closed gap -1
2025-09-06 23:47:36 WS state Connecting attempt 0
2025-09-06 23:47:37 WS connected
2025-09-06 23:47:54 StopAsync
2025-09-06 23:47:54 ConnectLoop error: The operation was canceled.
2025-09-06 23:47:54 WS closed
2025-09-06 23:47:54 CloseAsync error: The WebSocket is in an invalid state ('Aborted') for this operation. Valid states are: 'Open, CloseReceived, CloseSent'
2025-09-07 04:13:51 StartAsync
2025-09-07 04:13:51 StopAsync
2025-09-07 04:13:51 Monitor: state Connecting gap -1
2025-09-07 04:13:51 WS state Connecting attempt 0
2025-09-07 04:13:52 WS connected
2025-09-07 04:15:25 Parse error: Başka bir iş parçacığına ait olduğundan çağıran iş parçacığı bu nesneye erişemiyor.
2025-09-07 04:15:26 Parse error: Başka bir iş parçacığına ait olduğundan çağıran iş parçacığı bu nesneye erişemiyor.
2025-09-07 04:15:27 Parse error: Başka bir iş parçacığına ait olduğundan çağıran iş parçacığı bu nesneye erişemiyor.
2025-09-07 04:15:31 Parse error: Başka bir iş parçacığına ait olduğundan çağıran iş parçacığı bu nesneye erişemiyor.
2025-09-07 04:15:33 Parse error: Başka bir iş parçacığına ait olduğundan çağıran iş parçacığı bu nesneye erişemiyor.
2025-09-07 04:15:35 Parse error: Başka bir iş parçacığına ait olduğundan çağıran iş parçacığı bu nesneye erişemiyor.
2025-09-07 04:15:36 Parse error: Başka bir iş parçacığına ait olduğundan çağıran iş parçacığı bu nesneye erişemiyor.
2025-09-07 04:15:38 Parse error: Başka bir iş parçacığına ait olduğundan çağıran iş parçacığı bu nesneye erişemiyor.
2025-09-07 04:15:45 Parse error: Başka bir iş parçacığına ait olduğundan çağıran iş parçacığı bu nesneye erişemiyor.
2025-09-07 04:15:57 Parse error: Başka bir iş parçacığına ait olduğundan çağıran iş parçacığı bu nesneye erişemiyor.
2025-09-07 04:15:58 Parse error: Başka bir iş parçacığına ait olduğundan çağıran iş parçacığı bu nesneye erişemiyor.
2025-09-07 04:16:01 Parse error: Başka bir iş parçacığına ait olduğundan çağıran iş parçacığı bu nesneye erişemiyor.
2025-09-07 04:16:02 Parse error: Başka bir iş parçacığına ait olduğundan çağıran iş parçacığı bu nesneye erişemiyor.
2025-09-07 04:16:04 Parse error: Başka bir iş parçacığına ait olduğundan çağıran iş parçacığı bu nesneye erişemiyor.
2025-09-07 04:16:05 Parse error: Başka bir iş parçacığına ait olduğundan çağıran iş parçacığı bu nesneye erişemiyor.
2025-09-07 04:16:06 Parse error: Başka bir iş parçacığına ait olduğundan çağıran iş parçacığı bu nesneye erişemiyor.
2025-09-07 04:16:08 Parse error: Başka bir iş parçacığına ait olduğundan çağıran iş parçacığı bu nesneye erişemiyor.
2025-09-07 04:16:09 Parse error: Başka bir iş parçacığına ait olduğundan çağıran iş parçacığı bu nesneye erişemiyor.
2025-09-07 04:16:21 Parse error: Başka bir iş parçacığına ait olduğundan çağıran iş parçacığı bu nesneye erişemiyor.
2025-09-07 04:16:22 Parse error: Başka bir iş parçacığına ait olduğundan çağıran iş parçacığı bu nesneye erişemiyor.
2025-09-07 04:16:23 Parse error: Başka bir iş parçacığına ait olduğundan çağıran iş parçacığı bu nesneye erişemiyor.
2025-09-07 04:16:27 Parse error: Başka bir iş parçacığına ait olduğundan çağıran iş parçacığı bu nesneye erişemiyor.
2025-09-07 04:16:35 Parse error: Başka bir iş parçacığına ait olduğundan çağıran iş parçacığı bu nesneye erişemiyor.
2025-09-07 04:16:41 Parse error: Başka bir iş parçacığına ait olduğundan çağıran iş parçacığı bu nesneye erişemiyor.
2025-09-07 04:16:42 Parse error: Başka bir iş parçacığına ait olduğundan çağıran iş parçacığı bu nesneye erişemiyor.
2025-09-07 04:16:55 Parse error: Başka bir iş parçacığına ait olduğundan çağıran iş parçacığı bu nesneye erişemiyor.
2025-09-07 04:16:59 Parse error: Başka bir iş parçacığına ait olduğundan çağıran iş parçacığı bu nesneye erişemiyor.
2025-09-07 04:17:00 Parse error: Başka bir iş parçacığına ait olduğundan çağıran iş parçacığı bu nesneye erişemiyor.
2025-09-07 04:17:01 Parse error: Başka bir iş parçacığına ait olduğundan çağıran iş parçacığı bu nesneye erişemiyor.
2025-09-07 04:17:02 Parse error: Başka bir iş parçacığına ait olduğundan çağıran iş parçacığı bu nesneye erişemiyor.
2025-09-07 04:17:04 Parse error: Başka bir iş parçacığına ait olduğundan çağıran iş parçacığı bu nesneye erişemiyor.
2025-09-07 04:17:40 Parse error: Başka bir iş parçacığına ait olduğundan çağıran iş parçacığı bu nesneye erişemiyor.
2025-09-07 04:17:53 Parse error: Başka bir iş parçacığına ait olduğundan çağıran iş parçacığı bu nesneye erişemiyor.
2025-09-07 04:18:00 Parse error: Başka bir iş parçacığına ait olduğundan çağıran iş parçacığı bu nesneye erişemiyor.
2025-09-07 04:18:01 Parse error: Başka bir iş parçacığına ait olduğundan çağıran iş parçacığı bu nesneye erişemiyor.
2025-09-07 04:18:02 Parse error: Başka bir iş parçacığına ait olduğundan çağıran iş parçacığı bu nesneye erişemiyor.
2025-09-07 04:18:03 Parse error: Başka bir iş parçacığına ait olduğundan çağıran iş parçacığı bu nesneye erişemiyor.
2025-09-07 04:18:06 Parse error: Başka bir iş parçacığına ait olduğundan çağıran iş parçacığı bu nesneye erişemiyor.
2025-09-07 04:18:12 Parse error: Başka bir iş parçacığına ait olduğundan çağıran iş parçacığı bu nesneye erişemiyor.
2025-09-07 04:18:14 Parse error: Başka bir iş parçacığına ait olduğundan çağıran iş parçacığı bu nesneye erişemiyor.
2025-09-07 04:18:18 Parse error: Başka bir iş parçacığına ait olduğundan çağıran iş parçacığı bu nesneye erişemiyor.
2025-09-07 04:18:25 Parse error: Başka bir iş parçacığına ait olduğundan çağıran iş parçacığı bu nesneye erişemiyor.
2025-09-07 04:18:28 Parse error: Başka bir iş parçacığına ait olduğundan çağıran iş parçacığı bu nesneye erişemiyor.
2025-09-07 04:18:29 Parse error: Başka bir iş parçacığına ait olduğundan çağıran iş parçacığı bu nesneye erişemiyor.
2025-09-07 04:18:31 Parse error: Başka bir iş parçacığına ait olduğundan çağıran iş parçacığı bu nesneye erişemiyor.
2025-09-07 04:18:34 Parse error: Başka bir iş parçacığına ait olduğundan çağıran iş parçacığı bu nesneye erişemiyor.
2025-09-07 04:18:36 Parse error: Başka bir iş parçacığına ait olduğundan çağıran iş parçacığı bu nesneye erişemiyor.
2025-09-07 04:18:39 Parse error: Başka bir iş parçacığına ait olduğundan çağıran iş parçacığı bu nesneye erişemiyor.
2025-09-07 04:18:48 Parse error: Başka bir iş parçacığına ait olduğundan çağıran iş parçacığı bu nesneye erişemiyor.
2025-09-07 04:18:50 Parse error: Başka bir iş parçacığına ait olduğundan çağıran iş parçacığı bu nesneye erişemiyor.
2025-09-07 04:18:57 Parse error: Başka bir iş parçacığına ait olduğundan çağıran iş parçacığı bu nesneye erişemiyor.
2025-09-07 04:18:58 Parse error: Başka bir iş parçacığına ait olduğundan çağıran iş parçacığı bu nesneye erişemiyor.
2025-09-07 04:18:59 Parse error: Başka bir iş parçacığına ait olduğundan çağıran iş parçacığı bu nesneye erişemiyor.
2025-09-07 04:19:00 Parse error: Başka bir iş parçacığına ait olduğundan çağıran iş parçacığı bu nesneye erişemiyor.
2025-09-07 04:19:01 Parse error: Başka bir iş parçacığına ait olduğundan çağıran iş parçacığı bu nesneye erişemiyor.
2025-09-07 04:19:12 Parse error: Başka bir iş parçacığına ait olduğundan çağıran iş parçacığı bu nesneye erişemiyor.
2025-09-07 04:19:22 Parse error: Başka bir iş parçacığına ait olduğundan çağıran iş parçacığı bu nesneye erişemiyor.
2025-09-07 04:19:28 Parse error: Başka bir iş parçacığına ait olduğundan çağıran iş parçacığı bu nesneye erişemiyor.
2025-09-07 04:19:29 Parse error: Başka bir iş parçacığına ait olduğundan çağıran iş parçacığı bu nesneye erişemiyor.
2025-09-07 04:19:30 Parse error: Başka bir iş parçacığına ait olduğundan çağıran iş parçacığı bu nesneye erişemiyor.
2025-09-07 04:19:49 Parse error: Başka bir iş parçacığına ait olduğundan çağıran iş parçacığı bu nesneye erişemiyor.
2025-09-07 04:19:55 Parse error: Başka bir iş parçacığına ait olduğundan çağıran iş parçacığı bu nesneye erişemiyor.
2025-09-07 04:19:58 Parse error: Başka bir iş parçacığına ait olduğundan çağıran iş parçacığı bu nesneye erişemiyor.
2025-09-07 04:20:01 Parse error: Başka bir iş parçacığına ait olduğundan çağıran iş parçacığı bu nesneye erişemiyor.
2025-09-07 04:20:02 Parse error: Başka bir iş parçacığına ait olduğundan çağıran iş parçacığı bu nesneye erişemiyor.
2025-09-07 04:20:03 Parse error: Başka bir iş parçacığına ait olduğundan çağıran iş parçacığı bu nesneye erişemiyor.
2025-09-07 04:20:05 Parse error: Başka bir iş parçacığına ait olduğundan çağıran iş parçacığı bu nesneye erişemiyor.
2025-09-07 04:20:06 Parse error: Başka bir iş parçacığına ait olduğundan çağıran iş parçacığı bu nesneye erişemiyor.
2025-09-07 04:20:07 Parse error: Başka bir iş parçacığına ait olduğundan çağıran iş parçacığı bu nesneye erişemiyor.
2025-09-07 04:20:09 Parse error: Başka bir iş parçacığına ait olduğundan çağıran iş parçacığı bu nesneye erişemiyor.
2025-09-07 04:20:11 Parse error: Başka bir iş parçacığına ait olduğundan çağıran iş parçacığı bu nesneye erişemiyor.
2025-09-07 04:20:12 Parse error: Başka bir iş parçacığına ait olduğundan çağıran iş parçacığı bu nesneye erişemiyor.
2025-09-07 04:20:13 Parse error: Başka bir iş parçacığına ait olduğundan çağıran iş parçacığı bu nesneye erişemiyor.
2025-09-07 04:20:15 Parse error: Başka bir iş parçacığına ait olduğundan çağıran iş parçacığı bu nesneye erişemiyor.
2025-09-07 04:20:16 Parse error: Başka bir iş parçacığına ait olduğundan çağıran iş parçacığı bu nesneye erişemiyor.
2025-09-07 04:20:20 Parse error: Başka bir iş parçacığına ait olduğundan çağıran iş parçacığı bu nesneye erişemiyor.
2025-09-07 04:20:22 Parse error: Başka bir iş parçacığına ait olduğundan çağıran iş parçacığı bu nesneye erişemiyor.
2025-09-07 04:20:23 Parse error: Başka bir iş parçacığına ait olduğundan çağıran iş parçacığı bu nesneye erişemiyor.
2025-09-07 04:20:24 Parse error: Başka bir iş parçacığına ait olduğundan çağıran iş parçacığı bu nesneye erişemiyor.
2025-09-07 04:20:26 Parse error: Başka bir iş parçacığına ait olduğundan çağıran iş parçacığı bu nesneye erişemiyor.
2025-09-07 04:20:27 Parse error: Başka bir iş parçacığına ait olduğundan çağıran iş parçacığı bu nesneye erişemiyor.
2025-09-07 04:20:28 Parse error: Başka bir iş parçacığına ait olduğundan çağıran iş parçacığı bu nesneye erişemiyor.
2025-09-07 04:20:29 Parse error: Başka bir iş parçacığına ait olduğundan çağıran iş parçacığı bu nesneye erişemiyor.
2025-09-07 04:20:30 Parse error: Başka bir iş parçacığına ait olduğundan çağıran iş parçacığı bu nesneye erişemiyor.
2025-09-07 04:20:34 Parse error: Başka bir iş parçacığına ait olduğundan çağıran iş parçacığı bu nesneye erişemiyor.
2025-09-07 04:20:36 Parse error: Başka bir iş parçacığına ait olduğundan çağıran iş parçacığı bu nesneye erişemiyor.
2025-09-07 04:20:38 Parse error: Başka bir iş parçacığına ait olduğundan çağıran iş parçacığı bu nesneye erişemiyor.
2025-09-07 04:20:39 Parse error: Başka bir iş parçacığına ait olduğundan çağıran iş parçacığı bu nesneye erişemiyor.
2025-09-07 04:20:40 Parse error: Başka bir iş parçacığına ait olduğundan çağıran iş parçacığı bu nesneye erişemiyor.
2025-09-07 04:20:41 Parse error: Başka bir iş parçacığına ait olduğundan çağıran iş parçacığı bu nesneye erişemiyor.
2025-09-07 04:20:42 Parse error: Başka bir iş parçacığına ait olduğundan çağıran iş parçacığı bu nesneye erişemiyor.
2025-09-07 04:20:43 Parse error: Başka bir iş parçacığına ait olduğundan çağıran iş parçacığı bu nesneye erişemiyor.
2025-09-07 04:20:44 Parse error: Başka bir iş parçacığına ait olduğundan çağıran iş parçacığı bu nesneye erişemiyor.
2025-09-07 04:20:46 Parse error: Başka bir iş parçacığına ait olduğundan çağıran iş parçacığı bu nesneye erişemiyor.
2025-09-07 04:20:48 Parse error: Başka bir iş parçacığına ait olduğundan çağıran iş parçacığı bu nesneye erişemiyor.
2025-09-07 04:20:49 Parse error: Başka bir iş parçacığına ait olduğundan çağıran iş parçacığı bu nesneye erişemiyor.
2025-09-07 04:20:50 Parse error: Başka bir iş parçacığına ait olduğundan çağıran iş parçacığı bu nesneye erişemiyor.
2025-09-07 04:20:51 Parse error: Başka bir iş parçacığına ait olduğundan çağıran iş parçacığı bu nesneye erişemiyor.
2025-09-07 04:20:52 Parse error: Başka bir iş parçacığına ait olduğundan çağıran iş parçacığı bu nesneye erişemiyor.
2025-09-07 04:20:56 Parse error: Başka bir iş parçacığına ait olduğundan çağıran iş parçacığı bu nesneye erişemiyor.
2025-09-07 04:20:58 Parse error: Başka bir iş parçacığına ait olduğundan çağıran iş parçacığı bu nesneye erişemiyor.
2025-09-07 04:20:59 Parse error: Başka bir iş parçacığına ait olduğundan çağıran iş parçacığı bu nesneye erişemiyor.
2025-09-07 04:21:00 Parse error: Başka bir iş parçacığına ait olduğundan çağıran iş parçacığı bu nesneye erişemiyor.
2025-09-07 04:21:01 Parse error: Başka bir iş parçacığına ait olduğundan çağıran iş parçacığı bu nesneye erişemiyor.
2025-09-07 04:21:02 Parse error: Başka bir iş parçacığına ait olduğundan çağıran iş parçacığı bu nesneye erişemiyor.
2025-09-07 04:21:03 Parse error: Başka bir iş parçacığına ait olduğundan çağıran iş parçacığı bu nesneye erişemiyor.
2025-09-07 04:21:04 Parse error: Başka bir iş parçacığına ait olduğundan çağıran iş parçacığı bu nesneye erişemiyor.
2025-09-07 04:21:05 Parse error: Başka bir iş parçacığına ait olduğundan çağıran iş parçacığı bu nesneye erişemiyor.
2025-09-07 04:21:06 Parse error: Başka bir iş parçacığına ait olduğundan çağıran iş parçacığı bu nesneye erişemiyor.
2025-09-07 04:21:07 Parse error: Başka bir iş parçacığına ait olduğundan çağıran iş parçacığı bu nesneye erişemiyor.
2025-09-07 04:21:09 Parse error: Başka bir iş parçacığına ait olduğundan çağıran iş parçacığı bu nesneye erişemiyor.
2025-09-07 04:21:10 Parse error: Başka bir iş parçacığına ait olduğundan çağıran iş parçacığı bu nesneye erişemiyor.
2025-09-07 04:21:11 Parse error: Başka bir iş parçacığına ait olduğundan çağıran iş parçacığı bu nesneye erişemiyor.
2025-09-07 04:21:12 Parse error: Başka bir iş parçacığına ait olduğundan çağıran iş parçacığı bu nesneye erişemiyor.
2025-09-07 04:21:15 Parse error: Başka bir iş parçacığına ait olduğundan çağıran iş parçacığı bu nesneye erişemiyor.
2025-09-07 04:21:17 Parse error: Başka bir iş parçacığına ait olduğundan çağıran iş parçacığı bu nesneye erişemiyor.
2025-09-07 04:21:19 Parse error: Başka bir iş parçacığına ait olduğundan çağıran iş parçacığı bu nesneye erişemiyor.
2025-09-07 04:21:20 Parse error: Başka bir iş parçacığına ait olduğundan çağıran iş parçacığı bu nesneye erişemiyor.
2025-09-07 04:21:21 Parse error: Başka bir iş parçacığına ait olduğundan çağıran iş parçacığı bu nesneye erişemiyor.
2025-09-07 04:21:23 Parse error: Başka bir iş parçacığına ait olduğundan çağıran iş parçacığı bu nesneye erişemiyor.
2025-09-07 04:21:24 Parse error: Başka bir iş parçacığına ait olduğundan çağıran iş parçacığı bu nesneye erişemiyor.
2025-09-07 04:21:25 Parse error: Başka bir iş parçacığına ait olduğundan çağıran iş parçacığı bu nesneye erişemiyor.
2025-09-07 04:21:26 Parse error: Başka bir iş parçacığına ait olduğundan çağıran iş parçacığı bu nesneye erişemiyor.
2025-09-07 04:21:27 Parse error: Başka bir iş parçacığına ait olduğundan çağıran iş parçacığı bu nesneye erişemiyor.
2025-09-07 04:21:29 Parse error: Başka bir iş parçacığına ait olduğundan çağıran iş parçacığı bu nesneye erişemiyor.
2025-09-07 04:21:31 Parse error: Başka bir iş parçacığına ait olduğundan çağıran iş parçacığı bu nesneye erişemiyor.
2025-09-07 04:21:34 Parse error: Başka bir iş parçacığına ait olduğundan çağıran iş parçacığı bu nesneye erişemiyor.
2025-09-07 04:21:35 Parse error: Başka bir iş parçacığına ait olduğundan çağıran iş parçacığı bu nesneye erişemiyor.
2025-09-07 04:21:37 Parse error: Başka bir iş parçacığına ait olduğundan çağıran iş parçacığı bu nesneye erişemiyor.
2025-09-07 04:21:38 Parse error: Başka bir iş parçacığına ait olduğundan çağıran iş parçacığı bu nesneye erişemiyor.
2025-09-07 04:21:39 Parse error: Başka bir iş parçacığına ait olduğundan çağıran iş parçacığı bu nesneye erişemiyor.
2025-09-07 04:21:40 Parse error: Başka bir iş parçacığına ait olduğundan çağıran iş parçacığı bu nesneye erişemiyor.
2025-09-07 04:21:41 Parse error: Başka bir iş parçacığına ait olduğundan çağıran iş parçacığı bu nesneye erişemiyor.
2025-09-07 04:21:42 Parse error: Başka bir iş parçacığına ait olduğundan çağıran iş parçacığı bu nesneye erişemiyor.
2025-09-07 04:21:43 Parse error: Başka bir iş parçacığına ait olduğundan çağıran iş parçacığı bu nesneye erişemiyor.
2025-09-07 04:21:44 Parse error: Başka bir iş parçacığına ait olduğundan çağıran iş parçacığı bu nesneye erişemiyor.
2025-09-07 04:21:46 Parse error: Başka bir iş parçacığına ait olduğundan çağıran iş parçacığı bu nesneye erişemiyor.
2025-09-07 04:21:49 Parse error: Başka bir iş parçacığına ait olduğundan çağıran iş parçacığı bu nesneye erişemiyor.
2025-09-07 04:21:56 Parse error: Başka bir iş parçacığına ait olduğundan çağıran iş parçacığı bu nesneye erişemiyor.
2025-09-07 04:21:58 Parse error: Başka bir iş parçacığına ait olduğundan çağıran iş parçacığı bu nesneye erişemiyor.
2025-09-07 04:22:02 Parse error: Başka bir iş parçacığına ait olduğundan çağıran iş parçacığı bu nesneye erişemiyor.
2025-09-07 04:22:03 Parse error: Başka bir iş parçacığına ait olduğundan çağıran iş parçacığı bu nesneye erişemiyor.
2025-09-07 04:22:04 Parse error: Başka bir iş parçacığına ait olduğundan çağıran iş parçacığı bu nesneye erişemiyor.
2025-09-07 04:22:06 Parse error: Başka bir iş parçacığına ait olduğundan çağıran iş parçacığı bu nesneye erişemiyor.
2025-09-07 04:22:07 Parse error: Başka bir iş parçacığına ait olduğundan çağıran iş parçacığı bu nesneye erişemiyor.
2025-09-07 04:22:09 Parse error: Başka bir iş parçacığına ait olduğundan çağıran iş parçacığı bu nesneye erişemiyor.
2025-09-07 04:22:10 Parse error: Başka bir iş parçacığına ait olduğundan çağıran iş parçacığı bu nesneye erişemiyor.
2025-09-07 04:22:11 Parse error: Başka bir iş parçacığına ait olduğundan çağıran iş parçacığı bu nesneye erişemiyor.
2025-09-07 04:22:13 Parse error: Başka bir iş parçacığına ait olduğundan çağıran iş parçacığı bu nesneye erişemiyor.
2025-09-07 04:22:14 Parse error: Başka bir iş parçacığına ait olduğundan çağıran iş parçacığı bu nesneye erişemiyor.
2025-09-07 04:22:16 Parse error: Başka bir iş parçacığına ait olduğundan çağıran iş parçacığı bu nesneye erişemiyor.
2025-09-07 04:22:17 Parse error: Başka bir iş parçacığına ait olduğundan çağıran iş parçacığı bu nesneye erişemiyor.
2025-09-07 04:22:19 Parse error: Başka bir iş parçacığına ait olduğundan çağıran iş parçacığı bu nesneye erişemiyor.
2025-09-07 04:22:21 Parse error: Başka bir iş parçacığına ait olduğundan çağıran iş parçacığı bu nesneye erişemiyor.
2025-09-07 04:22:22 Parse error: Başka bir iş parçacığına ait olduğundan çağıran iş parçacığı bu nesneye erişemiyor.
2025-09-07 04:22:23 Parse error: Başka bir iş parçacığına ait olduğundan çağıran iş parçacığı bu nesneye erişemiyor.
2025-09-07 04:22:25 Parse error: Başka bir iş parçacığına ait olduğundan çağıran iş parçacığı bu nesneye erişemiyor.
2025-09-07 04:22:27 Parse error: Başka bir iş parçacığına ait olduğundan çağıran iş parçacığı bu nesneye erişemiyor.
2025-09-07 04:22:28 Parse error: Başka bir iş parçacığına ait olduğundan çağıran iş parçacığı bu nesneye erişemiyor.
2025-09-07 04:22:30 Parse error: Başka bir iş parçacığına ait olduğundan çağıran iş parçacığı bu nesneye erişemiyor.
2025-09-07 04:22:31 Parse error: Başka bir iş parçacığına ait olduğundan çağıran iş parçacığı bu nesneye erişemiyor.
2025-09-07 04:22:33 Parse error: Başka bir iş parçacığına ait olduğundan çağıran iş parçacığı bu nesneye erişemiyor.
2025-09-07 04:22:34 Parse error: Başka bir iş parçacığına ait olduğundan çağıran iş parçacığı bu nesneye erişemiyor.
2025-09-07 04:22:35 Parse error: Başka bir iş parçacığına ait olduğundan çağıran iş parçacığı bu nesneye erişemiyor.
2025-09-07 04:22:36 Parse error: Başka bir iş parçacığına ait olduğundan çağıran iş parçacığı bu nesneye erişemiyor.
2025-09-07 04:22:37 Parse error: Başka bir iş parçacığına ait olduğundan çağıran iş parçacığı bu nesneye erişemiyor.
2025-09-07 04:22:38 Parse error: Başka bir iş parçacığına ait olduğundan çağıran iş parçacığı bu nesneye erişemiyor.
2025-09-07 04:22:40 Parse error: Başka bir iş parçacığına ait olduğundan çağıran iş parçacığı bu nesneye erişemiyor.
2025-09-07 04:22:41 Parse error: Başka bir iş parçacığına ait olduğundan çağıran iş parçacığı bu nesneye erişemiyor.
2025-09-07 04:22:42 Parse error: Başka bir iş parçacığına ait olduğundan çağıran iş parçacığı bu nesneye erişemiyor.
2025-09-07 04:22:43 Parse error: Başka bir iş parçacığına ait olduğundan çağıran iş parçacığı bu nesneye erişemiyor.
2025-09-07 04:22:44 Parse error: Başka bir iş parçacığına ait olduğundan çağıran iş parçacığı bu nesneye erişemiyor.
2025-09-07 04:22:46 Parse error: Başka bir iş parçacığına ait olduğundan çağıran iş parçacığı bu nesneye erişemiyor.
2025-09-07 04:22:47 Parse error: Başka bir iş parçacığına ait olduğundan çağıran iş parçacığı bu nesneye erişemiyor.
2025-09-07 04:22:49 Parse error: Başka bir iş parçacığına ait olduğundan çağıran iş parçacığı bu nesneye erişemiyor.
2025-09-07 04:22:50 Parse error: Başka bir iş parçacığına ait olduğundan çağıran iş parçacığı bu nesneye erişemiyor.
2025-09-07 04:22:52 Parse error: Başka bir iş parçacığına ait olduğundan çağıran iş parçacığı bu nesneye erişemiyor.
2025-09-07 04:22:53 Parse error: Başka bir iş parçacığına ait olduğundan çağıran iş parçacığı bu nesneye erişemiyor.
2025-09-07 04:22:55 Parse error: Başka bir iş parçacığına ait olduğundan çağıran iş parçacığı bu nesneye erişemiyor.
2025-09-07 04:22:57 Parse error: Başka bir iş parçacığına ait olduğundan çağıran iş parçacığı bu nesneye erişemiyor.
2025-09-07 04:22:58 Parse error: Başka bir iş parçacığına ait olduğundan çağıran iş parçacığı bu nesneye erişemiyor.
2025-09-07 04:22:59 Parse error: Başka bir iş parçacığına ait olduğundan çağıran iş parçacığı bu nesneye erişemiyor.
2025-09-07 04:23:00 Parse error: Başka bir iş parçacığına ait olduğundan çağıran iş parçacığı bu nesneye erişemiyor.
2025-09-07 04:23:01 Parse error: Başka bir iş parçacığına ait olduğundan çağıran iş parçacığı bu nesneye erişemiyor.
2025-09-07 04:23:02 Parse error: Başka bir iş parçacığına ait olduğundan çağıran iş parçacığı bu nesneye erişemiyor.
2025-09-07 04:23:03 Parse error: Başka bir iş parçacığına ait olduğundan çağıran iş parçacığı bu nesneye erişemiyor.
2025-09-07 04:23:08 Parse error: Başka bir iş parçacığına ait olduğundan çağıran iş parçacığı bu nesneye erişemiyor.
2025-09-07 04:23:12 Parse error: Başka bir iş parçacığına ait olduğundan çağıran iş parçacığı bu nesneye erişemiyor.
2025-09-07 04:23:13 Parse error: Başka bir iş parçacığına ait olduğundan çağıran iş parçacığı bu nesneye erişemiyor.
2025-09-07 04:23:18 Parse error: Başka bir iş parçacığına ait olduğundan çağıran iş parçacığı bu nesneye erişemiyor.
2025-09-07 04:23:20 Parse error: Başka bir iş parçacığına ait olduğundan çağıran iş parçacığı bu nesneye erişemiyor.
2025-09-07 04:23:22 Parse error: Başka bir iş parçacığına ait olduğundan çağıran iş parçacığı bu nesneye erişemiyor.
2025-09-07 04:23:29 Parse error: Başka bir iş parçacığına ait olduğundan çağıran iş parçacığı bu nesneye erişemiyor.
2025-09-07 04:23:37 Parse error: Başka bir iş parçacığına ait olduğundan çağıran iş parçacığı bu nesneye erişemiyor.
2025-09-07 04:23:38 Parse error: Başka bir iş parçacığına ait olduğundan çağıran iş parçacığı bu nesneye erişemiyor.
2025-09-07 04:23:39 Parse error: Başka bir iş parçacığına ait olduğundan çağıran iş parçacığı bu nesneye erişemiyor.
2025-09-07 04:23:40 Parse error: Başka bir iş parçacığına ait olduğundan çağıran iş parçacığı bu nesneye erişemiyor.
2025-09-07 04:23:42 Parse error: Başka bir iş parçacığına ait olduğundan çağıran iş parçacığı bu nesneye erişemiyor.
2025-09-07 04:23:43 Parse error: Başka bir iş parçacığına ait olduğundan çağıran iş parçacığı bu nesneye erişemiyor.
2025-09-07 04:23:45 Parse error: Başka bir iş parçacığına ait olduğundan çağıran iş parçacığı bu nesneye erişemiyor.
2025-09-07 04:23:46 Parse error: Başka bir iş parçacığına ait olduğundan çağıran iş parçacığı bu nesneye erişemiyor.
2025-09-07 04:23:47 Parse error: Başka bir iş parçacığına ait olduğundan çağıran iş parçacığı bu nesneye erişemiyor.
2025-09-07 04:23:49 Parse error: Başka bir iş parçacığına ait olduğundan çağıran iş parçacığı bu nesneye erişemiyor.
2025-09-07 04:23:50 Parse error: Başka bir iş parçacığına ait olduğundan çağıran iş parçacığı bu nesneye erişemiyor.
2025-09-07 04:23:53 Parse error: Başka bir iş parçacığına ait olduğundan çağıran iş parçacığı bu nesneye erişemiyor.
2025-09-07 04:23:54 Parse error: Başka bir iş parçacığına ait olduğundan çağıran iş parçacığı bu nesneye erişemiyor.
2025-09-07 04:23:55 Parse error: Başka bir iş parçacığına ait olduğundan çağıran iş parçacığı bu nesneye erişemiyor.
2025-09-07 04:23:56 Parse error: Başka bir iş parçacığına ait olduğundan çağıran iş parçacığı bu nesneye erişemiyor.
2025-09-07 04:23:57 Parse error: Başka bir iş parçacığına ait olduğundan çağıran iş parçacığı bu nesneye erişemiyor.
2025-09-07 04:23:58 Parse error: Başka bir iş parçacığına ait olduğundan çağıran iş parçacığı bu nesneye erişemiyor.
2025-09-07 04:23:59 Parse error: Başka bir iş parçacığına ait olduğundan çağıran iş parçacığı bu nesneye erişemiyor.
2025-09-07 04:24:00 Parse error: Başka bir iş parçacığına ait olduğundan çağıran iş parçacığı bu nesneye erişemiyor.
2025-09-07 04:24:01 Parse error: Başka bir iş parçacığına ait olduğundan çağıran iş parçacığı bu nesneye erişemiyor.
2025-09-07 04:24:02 Parse error: Başka bir iş parçacığına ait olduğundan çağıran iş parçacığı bu nesneye erişemiyor.
2025-09-07 04:24:03 Parse error: Başka bir iş parçacığına ait olduğundan çağıran iş parçacığı bu nesneye erişemiyor.
2025-09-07 04:24:05 Parse error: Başka bir iş parçacığına ait olduğundan çağıran iş parçacığı bu nesneye erişemiyor.
2025-09-07 04:24:06 Parse error: Başka bir iş parçacığına ait olduğundan çağıran iş parçacığı bu nesneye erişemiyor.
2025-09-07 04:24:08 Parse error: Başka bir iş parçacığına ait olduğundan çağıran iş parçacığı bu nesneye erişemiyor.
2025-09-07 04:24:10 Parse error: Başka bir iş parçacığına ait olduğundan çağıran iş parçacığı bu nesneye erişemiyor.
2025-09-07 04:24:11 Parse error: Başka bir iş parçacığına ait olduğundan çağıran iş parçacığı bu nesneye erişemiyor.
2025-09-07 04:24:12 Parse error: Başka bir iş parçacığına ait olduğundan çağıran iş parçacığı bu nesneye erişemiyor.
2025-09-07 04:24:13 Parse error: Başka bir iş parçacığına ait olduğundan çağıran iş parçacığı bu nesneye erişemiyor.
2025-09-07 04:24:17 Parse error: Başka bir iş parçacığına ait olduğundan çağıran iş parçacığı bu nesneye erişemiyor.
2025-09-07 04:24:18 Parse error: Başka bir iş parçacığına ait olduğundan çağıran iş parçacığı bu nesneye erişemiyor.
2025-09-07 04:24:20 Parse error: Başka bir iş parçacığına ait olduğundan çağıran iş parçacığı bu nesneye erişemiyor.
2025-09-07 04:24:22 Parse error: Başka bir iş parçacığına ait olduğundan çağıran iş parçacığı bu nesneye erişemiyor.
2025-09-07 04:24:23 Parse error: Başka bir iş parçacığına ait olduğundan çağıran iş parçacığı bu nesneye erişemiyor.
2025-09-07 04:24:24 Parse error: Başka bir iş parçacığına ait olduğundan çağıran iş parçacığı bu nesneye erişemiyor.
2025-09-07 04:24:25 Parse error: Başka bir iş parçacığına ait olduğundan çağıran iş parçacığı bu nesneye erişemiyor.
2025-09-07 04:24:27 Parse error: Başka bir iş parçacığına ait olduğundan çağıran iş parçacığı bu nesneye erişemiyor.
2025-09-07 04:24:28 Parse error: Başka bir iş parçacığına ait olduğundan çağıran iş parçacığı bu nesneye erişemiyor.
2025-09-07 04:24:29 Parse error: Başka bir iş parçacığına ait olduğundan çağıran iş parçacığı bu nesneye erişemiyor.
2025-09-07 04:24:30 Parse error: Başka bir iş parçacığına ait olduğundan çağıran iş parçacığı bu nesneye erişemiyor.
2025-09-07 04:24:31 Parse error: Başka bir iş parçacığına ait olduğundan çağıran iş parçacığı bu nesneye erişemiyor.
2025-09-07 04:24:32 Parse error: Başka bir iş parçacığına ait olduğundan çağıran iş parçacığı bu nesneye erişemiyor.
2025-09-07 04:24:33 Parse error: Başka bir iş parçacığına ait olduğundan çağıran iş parçacığı bu nesneye erişemiyor.
2025-09-07 04:24:37 Parse error: Başka bir iş parçacığına ait olduğundan çağıran iş parçacığı bu nesneye erişemiyor.
2025-09-07 04:24:43 Parse error: Başka bir iş parçacığına ait olduğundan çağıran iş parçacığı bu nesneye erişemiyor.
2025-09-07 04:24:46 Parse error: Başka bir iş parçacığına ait olduğundan çağıran iş parçacığı bu nesneye erişemiyor.
2025-09-07 04:24:47 Parse error: Başka bir iş parçacığına ait olduğundan çağıran iş parçacığı bu nesneye erişemiyor.
2025-09-07 04:24:48 Parse error: Başka bir iş parçacığına ait olduğundan çağıran iş parçacığı bu nesneye erişemiyor.
2025-09-07 04:24:49 Parse error: Başka bir iş parçacığına ait olduğundan çağıran iş parçacığı bu nesneye erişemiyor.
2025-09-07 04:24:50 Parse error: Başka bir iş parçacığına ait olduğundan çağıran iş parçacığı bu nesneye erişemiyor.
2025-09-07 04:24:51 Parse error: Başka bir iş parçacığına ait olduğundan çağıran iş parçacığı bu nesneye erişemiyor.
2025-09-07 04:24:52 Parse error: Başka bir iş parçacığına ait olduğundan çağıran iş parçacığı bu nesneye erişemiyor.
2025-09-07 04:24:53 Parse error: Başka bir iş parçacığına ait olduğundan çağıran iş parçacığı bu nesneye erişemiyor.
2025-09-07 04:24:54 Parse error: Başka bir iş parçacığına ait olduğundan çağıran iş parçacığı bu nesneye erişemiyor.
2025-09-07 04:24:55 Parse error: Başka bir iş parçacığına ait olduğundan çağıran iş parçacığı bu nesneye erişemiyor.
2025-09-07 04:24:56 Parse error: Başka bir iş parçacığına ait olduğundan çağıran iş parçacığı bu nesneye erişemiyor.
2025-09-07 04:24:59 Parse error: Başka bir iş parçacığına ait olduğundan çağıran iş parçacığı bu nesneye erişemiyor.
2025-09-07 04:25:01 Parse error: Başka bir iş parçacığına ait olduğundan çağıran iş parçacığı bu nesneye erişemiyor.
2025-09-07 04:25:02 Parse error: Başka bir iş parçacığına ait olduğundan çağıran iş parçacığı bu nesneye erişemiyor.
2025-09-07 04:25:03 Parse error: Başka bir iş parçacığına ait olduğundan çağıran iş parçacığı bu nesneye erişemiyor.
2025-09-07 04:25:04 Parse error: Başka bir iş parçacığına ait olduğundan çağıran iş parçacığı bu nesneye erişemiyor.
2025-09-07 04:25:05 Parse error: Başka bir iş parçacığına ait olduğundan çağıran iş parçacığı bu nesneye erişemiyor.
2025-09-07 04:25:06 Parse error: Başka bir iş parçacığına ait olduğundan çağıran iş parçacığı bu nesneye erişemiyor.
2025-09-07 04:25:07 Parse error: Başka bir iş parçacığına ait olduğundan çağıran iş parçacığı bu nesneye erişemiyor.
2025-09-07 04:25:09 Parse error: Başka bir iş parçacığına ait olduğundan çağıran iş parçacığı bu nesneye erişemiyor.
2025-09-07 04:25:15 Parse error: Başka bir iş parçacığına ait olduğundan çağıran iş parçacığı bu nesneye erişemiyor.
2025-09-07 04:25:16 Parse error: Başka bir iş parçacığına ait olduğundan çağıran iş parçacığı bu nesneye erişemiyor.
2025-09-07 04:25:17 Parse error: Başka bir iş parçacığına ait olduğundan çağıran iş parçacığı bu nesneye erişemiyor.
2025-09-07 04:25:18 Parse error: Başka bir iş parçacığına ait olduğundan çağıran iş parçacığı bu nesneye erişemiyor.
2025-09-07 04:25:20 Parse error: Başka bir iş parçacığına ait olduğundan çağıran iş parçacığı bu nesneye erişemiyor.
2025-09-07 04:25:21 Parse error: Başka bir iş parçacığına ait olduğundan çağıran iş parçacığı bu nesneye erişemiyor.
2025-09-07 04:25:22 Parse error: Başka bir iş parçacığına ait olduğundan çağıran iş parçacığı bu nesneye erişemiyor.
2025-09-07 04:25:23 Parse error: Başka bir iş parçacığına ait olduğundan çağıran iş parçacığı bu nesneye erişemiyor.
2025-09-07 04:25:24 Parse error: Başka bir iş parçacığına ait olduğundan çağıran iş parçacığı bu nesneye erişemiyor.
2025-09-07 04:25:25 Parse error: Başka bir iş parçacığına ait olduğundan çağıran iş parçacığı bu nesneye erişemiyor.
2025-09-07 04:25:26 Parse error: Başka bir iş parçacığına ait olduğundan çağıran iş parçacığı bu nesneye erişemiyor.
2025-09-07 04:25:27 Parse error: Başka bir iş parçacığına ait olduğundan çağıran iş parçacığı bu nesneye erişemiyor.
2025-09-07 04:25:28 Parse error: Başka bir iş parçacığına ait olduğundan çağıran iş parçacığı bu nesneye erişemiyor.
2025-09-07 04:25:29 Parse error: Başka bir iş parçacığına ait olduğundan çağıran iş parçacığı bu nesneye erişemiyor.
2025-09-07 04:25:30 Parse error: Başka bir iş parçacığına ait olduğundan çağıran iş parçacığı bu nesneye erişemiyor.
2025-09-07 04:25:32 Parse error: Başka bir iş parçacığına ait olduğundan çağıran iş parçacığı bu nesneye erişemiyor.
2025-09-07 04:25:33 Parse error: Başka bir iş parçacığına ait olduğundan çağıran iş parçacığı bu nesneye erişemiyor.
2025-09-07 04:25:34 Parse error: Başka bir iş parçacığına ait olduğundan çağıran iş parçacığı bu nesneye erişemiyor.
2025-09-07 04:25:35 Parse error: Başka bir iş parçacığına ait olduğundan çağıran iş parçacığı bu nesneye erişemiyor.
2025-09-07 04:25:36 Parse error: Başka bir iş parçacığına ait olduğundan çağıran iş parçacığı bu nesneye erişemiyor.
2025-09-07 04:25:37 Parse error: Başka bir iş parçacığına ait olduğundan çağıran iş parçacığı bu nesneye erişemiyor.
2025-09-07 04:25:38 Parse error: Başka bir iş parçacığına ait olduğundan çağıran iş parçacığı bu nesneye erişemiyor.
2025-09-07 04:25:39 Parse error: Başka bir iş parçacığına ait olduğundan çağıran iş parçacığı bu nesneye erişemiyor.
2025-09-07 04:25:40 Parse error: Başka bir iş parçacığına ait olduğundan çağıran iş parçacığı bu nesneye erişemiyor.
2025-09-07 04:25:41 Parse error: Başka bir iş parçacığına ait olduğundan çağıran iş parçacığı bu nesneye erişemiyor.
2025-09-07 04:25:42 Parse error: Başka bir iş parçacığına ait olduğundan çağıran iş parçacığı bu nesneye erişemiyor.
2025-09-07 04:25:43 Parse error: Başka bir iş parçacığına ait olduğundan çağıran iş parçacığı bu nesneye erişemiyor.
2025-09-07 04:25:44 Parse error: Başka bir iş parçacığına ait olduğundan çağıran iş parçacığı bu nesneye erişemiyor.
2025-09-07 04:25:46 Parse error: Başka bir iş parçacığına ait olduğundan çağıran iş parçacığı bu nesneye erişemiyor.
2025-09-07 04:25:52 Parse error: Başka bir iş parçacığına ait olduğundan çağıran iş parçacığı bu nesneye erişemiyor.
2025-09-07 04:25:59 Parse error: Başka bir iş parçacığına ait olduğundan çağıran iş parçacığı bu nesneye erişemiyor.
2025-09-07 04:26:02 StopAsync
2025-09-07 04:26:02 ConnectLoop error: The operation was canceled.
2025-09-07 04:26:02 WS closed
2025-09-07 04:26:02 CloseAsync error: The WebSocket is in an invalid state ('Aborted') for this operation. Valid states are: 'Open, CloseReceived, CloseSent'
2025-09-07 04:28:14 StartAsync
2025-09-07 04:28:15 StopAsync
2025-09-07 04:28:15 Monitor: state Connecting gap -1
2025-09-07 04:28:15 WS state Connecting attempt 0
2025-09-07 04:28:16 WS connected
2025-09-07 04:28:25 StopAsync
2025-09-07 04:28:25 CloseAsync error: The WebSocket is in an invalid state ('Aborted') for this operation. Valid states are: 'Open, CloseReceived, CloseSent'
2025-09-07 04:28:25 ConnectLoop error: The operation was canceled.
2025-09-07 04:28:25 WS closed
2025-09-07 04:47:23 StartAsync
2025-09-07 04:47:23 StopAsync
2025-09-07 04:47:23 Monitor: state Closed gap -1
2025-09-07 04:47:24 WS state Connecting attempt 0
2025-09-07 04:47:24 WS connected
2025-09-07 04:48:58 StopAsync
2025-09-07 04:48:58 ConnectLoop error: The operation was canceled.
2025-09-07 04:48:58 WS closed
2025-09-07 04:48:58 CloseAsync error: The WebSocket is in an invalid state ('Aborted') for this operation. Valid states are: 'Open, CloseReceived, CloseSent'
2025-09-07 04:49:32 StartAsync
2025-09-07 04:49:32 StopAsync
2025-09-07 04:49:32 Monitor: state Closed gap -1
2025-09-07 04:49:32 WS state Connecting attempt 0
2025-09-07 04:49:33 WS connected
2025-09-07 04:50:47 StopAsync
2025-09-07 04:50:47 CloseAsync error: The WebSocket is in an invalid state ('Aborted') for this operation. Valid states are: 'Open, CloseReceived, CloseSent'
2025-09-07 04:50:47 ConnectLoop error: The operation was canceled.
2025-09-07 04:50:47 WS closed
2025-09-07 04:54:02 StartAsync
2025-09-07 04:54:02 StopAsync
2025-09-07 04:54:02 Monitor: state Closed gap -1
2025-09-07 04:54:02 WS state Connecting attempt 0
2025-09-07 04:54:03 WS connected
2025-09-07 04:55:25 StopAsync
2025-09-07 04:55:25 CloseAsync error: The WebSocket is in an invalid state ('Aborted') for this operation. Valid states are: 'Open, CloseReceived, CloseSent'
2025-09-07 04:55:25 ConnectLoop error: The operation was canceled.
2025-09-07 04:55:25 WS closed
2025-09-07 04:58:34 StartAsync
2025-09-07 04:58:34 StopAsync
2025-09-07 04:58:34 Monitor: state Connecting gap -1
2025-09-07 04:58:34 WS state Connecting attempt 0
2025-09-07 04:58:35 WS connected
2025-09-07 05:02:05 StopAsync
2025-09-07 05:02:05 ConnectLoop error: The operation was canceled.
2025-09-07 05:02:05 WS closed
2025-09-07 05:02:05 CloseAsync error: The WebSocket is in an invalid state ('Aborted') for this operation. Valid states are: 'Open, CloseReceived, CloseSent'
2025-09-07 13:08:10 StartAsync
2025-09-07 13:08:10 StopAsync
2025-09-07 13:08:10 Monitor: state Connecting gap -1
2025-09-07 13:08:10 WS state Connecting attempt 0
2025-09-07 13:08:11 WS connected
2025-09-07 13:13:01 Parse error: Başka bir iş parçacığına ait olduğundan çağıran iş parçacığı bu nesneye erişemiyor.
2025-09-07 13:13:02 Parse error: Başka bir iş parçacığına ait olduğundan çağıran iş parçacığı bu nesneye erişemiyor.
2025-09-07 13:13:03 Parse error: Başka bir iş parçacığına ait olduğundan çağıran iş parçacığı bu nesneye erişemiyor.
2025-09-07 13:13:04 Parse error: Başka bir iş parçacığına ait olduğundan çağıran iş parçacığı bu nesneye erişemiyor.
2025-09-07 13:13:05 Parse error: Başka bir iş parçacığına ait olduğundan çağıran iş parçacığı bu nesneye erişemiyor.
2025-09-07 13:13:06 Parse error: Başka bir iş parçacığına ait olduğundan çağıran iş parçacığı bu nesneye erişemiyor.
2025-09-07 13:13:09 Parse error: Başka bir iş parçacığına ait olduğundan çağıran iş parçacığı bu nesneye erişemiyor.
2025-09-07 13:13:11 Parse error: Başka bir iş parçacığına ait olduğundan çağıran iş parçacığı bu nesneye erişemiyor.
2025-09-07 13:13:12 Parse error: Başka bir iş parçacığına ait olduğundan çağıran iş parçacığı bu nesneye erişemiyor.
2025-09-07 13:13:14 Parse error: Başka bir iş parçacığına ait olduğundan çağıran iş parçacığı bu nesneye erişemiyor.
2025-09-07 13:13:17 Parse error: Başka bir iş parçacığına ait olduğundan çağıran iş parçacığı bu nesneye erişemiyor.
2025-09-07 13:13:18 Parse error: Başka bir iş parçacığına ait olduğundan çağıran iş parçacığı bu nesneye erişemiyor.
2025-09-07 13:13:19 Parse error: Başka bir iş parçacığına ait olduğundan çağıran iş parçacığı bu nesneye erişemiyor.
2025-09-07 13:13:21 Parse error: Başka bir iş parçacığına ait olduğundan çağıran iş parçacığı bu nesneye erişemiyor.
2025-09-07 13:13:22 Parse error: Başka bir iş parçacığına ait olduğundan çağıran iş parçacığı bu nesneye erişemiyor.
2025-09-07 13:13:30 Parse error: Başka bir iş parçacığına ait olduğundan çağıran iş parçacığı bu nesneye erişemiyor.
2025-09-07 13:13:33 Parse error: Başka bir iş parçacığına ait olduğundan çağıran iş parçacığı bu nesneye erişemiyor.
2025-09-07 13:13:34 Parse error: Başka bir iş parçacığına ait olduğundan çağıran iş parçacığı bu nesneye erişemiyor.
2025-09-07 13:13:35 Parse error: Başka bir iş parçacığına ait olduğundan çağıran iş parçacığı bu nesneye erişemiyor.
2025-09-07 13:13:36 Parse error: Başka bir iş parçacığına ait olduğundan çağıran iş parçacığı bu nesneye erişemiyor.
2025-09-07 13:13:37 Parse error: Başka bir iş parçacığına ait olduğundan çağıran iş parçacığı bu nesneye erişemiyor.
2025-09-07 13:13:38 Parse error: Başka bir iş parçacığına ait olduğundan çağıran iş parçacığı bu nesneye erişemiyor.
2025-09-07 13:13:39 Parse error: Başka bir iş parçacığına ait olduğundan çağıran iş parçacığı bu nesneye erişemiyor.
2025-09-07 13:13:41 Parse error: Başka bir iş parçacığına ait olduğundan çağıran iş parçacığı bu nesneye erişemiyor.
2025-09-07 13:13:45 Parse error: Başka bir iş parçacığına ait olduğundan çağıran iş parçacığı bu nesneye erişemiyor.
2025-09-07 13:13:46 Parse error: Başka bir iş parçacığına ait olduğundan çağıran iş parçacığı bu nesneye erişemiyor.
2025-09-07 13:13:47 Parse error: Başka bir iş parçacığına ait olduğundan çağıran iş parçacığı bu nesneye erişemiyor.
2025-09-07 13:13:50 Parse error: Başka bir iş parçacığına ait olduğundan çağıran iş parçacığı bu nesneye erişemiyor.
2025-09-07 13:13:51 Parse error: Başka bir iş parçacığına ait olduğundan çağıran iş parçacığı bu nesneye erişemiyor.
2025-09-07 13:13:52 Parse error: Başka bir iş parçacığına ait olduğundan çağıran iş parçacığı bu nesneye erişemiyor.
2025-09-07 13:13:53 Parse error: Başka bir iş parçacığına ait olduğundan çağıran iş parçacığı bu nesneye erişemiyor.
2025-09-07 13:13:56 Parse error: Başka bir iş parçacığına ait olduğundan çağıran iş parçacığı bu nesneye erişemiyor.
2025-09-07 13:13:58 Parse error: Başka bir iş parçacığına ait olduğundan çağıran iş parçacığı bu nesneye erişemiyor.
2025-09-07 13:14:00 Parse error: Başka bir iş parçacığına ait olduğundan çağıran iş parçacığı bu nesneye erişemiyor.
2025-09-07 13:14:01 Parse error: Başka bir iş parçacığına ait olduğundan çağıran iş parçacığı bu nesneye erişemiyor.
2025-09-07 13:14:02 Parse error: Başka bir iş parçacığına ait olduğundan çağıran iş parçacığı bu nesneye erişemiyor.
2025-09-07 13:14:03 Parse error: Başka bir iş parçacığına ait olduğundan çağıran iş parçacığı bu nesneye erişemiyor.
2025-09-07 13:14:04 Parse error: Başka bir iş parçacığına ait olduğundan çağıran iş parçacığı bu nesneye erişemiyor.
2025-09-07 13:14:05 Parse error: Başka bir iş parçacığına ait olduğundan çağıran iş parçacığı bu nesneye erişemiyor.
2025-09-07 13:14:06 Parse error: Başka bir iş parçacığına ait olduğundan çağıran iş parçacığı bu nesneye erişemiyor.
2025-09-07 13:14:07 Parse error: Başka bir iş parçacığına ait olduğundan çağıran iş parçacığı bu nesneye erişemiyor.
2025-09-07 13:14:08 Parse error: Başka bir iş parçacığına ait olduğundan çağıran iş parçacığı bu nesneye erişemiyor.
2025-09-07 13:14:09 Parse error: Başka bir iş parçacığına ait olduğundan çağıran iş parçacığı bu nesneye erişemiyor.
2025-09-07 13:14:10 Parse error: Başka bir iş parçacığına ait olduğundan çağıran iş parçacığı bu nesneye erişemiyor.
2025-09-07 13:14:12 Parse error: Başka bir iş parçacığına ait olduğundan çağıran iş parçacığı bu nesneye erişemiyor.
2025-09-07 13:14:13 Parse error: Başka bir iş parçacığına ait olduğundan çağıran iş parçacığı bu nesneye erişemiyor.
2025-09-07 13:14:14 Parse error: Başka bir iş parçacığına ait olduğundan çağıran iş parçacığı bu nesneye erişemiyor.
2025-09-07 13:14:15 Parse error: Başka bir iş parçacığına ait olduğundan çağıran iş parçacığı bu nesneye erişemiyor.
2025-09-07 13:14:18 Parse error: Başka bir iş parçacığına ait olduğundan çağıran iş parçacığı bu nesneye erişemiyor.
2025-09-07 13:14:20 Parse error: Başka bir iş parçacığına ait olduğundan çağıran iş parçacığı bu nesneye erişemiyor.
2025-09-07 13:14:22 Parse error: Başka bir iş parçacığına ait olduğundan çağıran iş parçacığı bu nesneye erişemiyor.
2025-09-07 13:14:23 Parse error: Başka bir iş parçacığına ait olduğundan çağıran iş parçacığı bu nesneye erişemiyor.
2025-09-07 13:14:24 Parse error: Başka bir iş parçacığına ait olduğundan çağıran iş parçacığı bu nesneye erişemiyor.
2025-09-07 13:14:26 Parse error: Başka bir iş parçacığına ait olduğundan çağıran iş parçacığı bu nesneye erişemiyor.
2025-09-07 13:14:28 Parse error: Başka bir iş parçacığına ait olduğundan çağıran iş parçacığı bu nesneye erişemiyor.
2025-09-07 13:14:30 Parse error: Başka bir iş parçacığına ait olduğundan çağıran iş parçacığı bu nesneye erişemiyor.
2025-09-07 13:14:31 Parse error: Başka bir iş parçacığına ait olduğundan çağıran iş parçacığı bu nesneye erişemiyor.
2025-09-07 13:14:32 Parse error: Başka bir iş parçacığına ait olduğundan çağıran iş parçacığı bu nesneye erişemiyor.
2025-09-07 13:14:33 Parse error: Başka bir iş parçacığına ait olduğundan çağıran iş parçacığı bu nesneye erişemiyor.
2025-09-07 13:14:34 Parse error: Başka bir iş parçacığına ait olduğundan çağıran iş parçacığı bu nesneye erişemiyor.
2025-09-07 13:14:35 Parse error: Başka bir iş parçacığına ait olduğundan çağıran iş parçacığı bu nesneye erişemiyor.
2025-09-07 13:14:36 Parse error: Başka bir iş parçacığına ait olduğundan çağıran iş parçacığı bu nesneye erişemiyor.
2025-09-07 13:14:39 Parse error: Başka bir iş parçacığına ait olduğundan çağıran iş parçacığı bu nesneye erişemiyor.
2025-09-07 13:14:40 Parse error: Başka bir iş parçacığına ait olduğundan çağıran iş parçacığı bu nesneye erişemiyor.
2025-09-07 13:14:41 Parse error: Başka bir iş parçacığına ait olduğundan çağıran iş parçacığı bu nesneye erişemiyor.
2025-09-07 13:14:42 Parse error: Başka bir iş parçacığına ait olduğundan çağıran iş parçacığı bu nesneye erişemiyor.
2025-09-07 13:14:45 Parse error: Başka bir iş parçacığına ait olduğundan çağıran iş parçacığı bu nesneye erişemiyor.
2025-09-07 13:14:46 Parse error: Başka bir iş parçacığına ait olduğundan çağıran iş parçacığı bu nesneye erişemiyor.
2025-09-07 13:14:47 Parse error: Başka bir iş parçacığına ait olduğundan çağıran iş parçacığı bu nesneye erişemiyor.
2025-09-07 13:14:50 Parse error: Başka bir iş parçacığına ait olduğundan çağıran iş parçacığı bu nesneye erişemiyor.
2025-09-07 13:14:51 Parse error: Başka bir iş parçacığına ait olduğundan çağıran iş parçacığı bu nesneye erişemiyor.
2025-09-07 13:14:52 Parse error: Başka bir iş parçacığına ait olduğundan çağıran iş parçacığı bu nesneye erişemiyor.
2025-09-07 13:14:53 Parse error: Başka bir iş parçacığına ait olduğundan çağıran iş parçacığı bu nesneye erişemiyor.
2025-09-07 13:14:56 Parse error: Başka bir iş parçacığına ait olduğundan çağıran iş parçacığı bu nesneye erişemiyor.
2025-09-07 13:14:57 Parse error: Başka bir iş parçacığına ait olduğundan çağıran iş parçacığı bu nesneye erişemiyor.
2025-09-07 13:14:59 Parse error: Başka bir iş parçacığına ait olduğundan çağıran iş parçacığı bu nesneye erişemiyor.
2025-09-07 13:15:00 Parse error: Başka bir iş parçacığına ait olduğundan çağıran iş parçacığı bu nesneye erişemiyor.
2025-09-07 13:15:01 Parse error: Başka bir iş parçacığına ait olduğundan çağıran iş parçacığı bu nesneye erişemiyor.
2025-09-07 13:15:03 Parse error: Başka bir iş parçacığına ait olduğundan çağıran iş parçacığı bu nesneye erişemiyor.
2025-09-07 13:15:04 Parse error: Başka bir iş parçacığına ait olduğundan çağıran iş parçacığı bu nesneye erişemiyor.
2025-09-07 13:15:05 Parse error: Başka bir iş parçacığına ait olduğundan çağıran iş parçacığı bu nesneye erişemiyor.
2025-09-07 13:15:06 Parse error: Başka bir iş parçacığına ait olduğundan çağıran iş parçacığı bu nesneye erişemiyor.
2025-09-07 13:15:07 Parse error: Başka bir iş parçacığına ait olduğundan çağıran iş parçacığı bu nesneye erişemiyor.
2025-09-07 13:15:08 Parse error: Başka bir iş parçacığına ait olduğundan çağıran iş parçacığı bu nesneye erişemiyor.
2025-09-07 13:15:09 Parse error: Başka bir iş parçacığına ait olduğundan çağıran iş parçacığı bu nesneye erişemiyor.
2025-09-07 13:15:12 Parse error: Başka bir iş parçacığına ait olduğundan çağıran iş parçacığı bu nesneye erişemiyor.
2025-09-07 13:15:15 Parse error: Başka bir iş parçacığına ait olduğundan çağıran iş parçacığı bu nesneye erişemiyor.
2025-09-07 13:15:16 Parse error: Başka bir iş parçacığına ait olduğundan çağıran iş parçacığı bu nesneye erişemiyor.
2025-09-07 13:15:17 Parse error: Başka bir iş parçacığına ait olduğundan çağıran iş parçacığı bu nesneye erişemiyor.
2025-09-07 13:15:19 Parse error: Başka bir iş parçacığına ait olduğundan çağıran iş parçacığı bu nesneye erişemiyor.
2025-09-07 13:15:20 Parse error: Başka bir iş parçacığına ait olduğundan çağıran iş parçacığı bu nesneye erişemiyor.
2025-09-07 13:15:21 Parse error: Başka bir iş parçacığına ait olduğundan çağıran iş parçacığı bu nesneye erişemiyor.
2025-09-07 13:15:22 Parse error: Başka bir iş parçacığına ait olduğundan çağıran iş parçacığı bu nesneye erişemiyor.
2025-09-07 13:15:23 Parse error: Başka bir iş parçacığına ait olduğundan çağıran iş parçacığı bu nesneye erişemiyor.
2025-09-07 13:15:25 Parse error: Başka bir iş parçacığına ait olduğundan çağıran iş parçacığı bu nesneye erişemiyor.
2025-09-07 13:15:27 Parse error: Başka bir iş parçacığına ait olduğundan çağıran iş parçacığı bu nesneye erişemiyor.
2025-09-07 13:15:30 Parse error: Başka bir iş parçacığına ait olduğundan çağıran iş parçacığı bu nesneye erişemiyor.
2025-09-07 13:15:32 Parse error: Başka bir iş parçacığına ait olduğundan çağıran iş parçacığı bu nesneye erişemiyor.
2025-09-07 13:15:33 Parse error: Başka bir iş parçacığına ait olduğundan çağıran iş parçacığı bu nesneye erişemiyor.
2025-09-07 13:15:35 Parse error: Başka bir iş parçacığına ait olduğundan çağıran iş parçacığı bu nesneye erişemiyor.
2025-09-07 13:15:36 Parse error: Başka bir iş parçacığına ait olduğundan çağıran iş parçacığı bu nesneye erişemiyor.
2025-09-07 13:15:37 Parse error: Başka bir iş parçacığına ait olduğundan çağıran iş parçacığı bu nesneye erişemiyor.
2025-09-07 13:15:38 Parse error: Başka bir iş parçacığına ait olduğundan çağıran iş parçacığı bu nesneye erişemiyor.
2025-09-07 13:15:39 Parse error: Başka bir iş parçacığına ait olduğundan çağıran iş parçacığı bu nesneye erişemiyor.
2025-09-07 13:15:40 Parse error: Başka bir iş parçacığına ait olduğundan çağıran iş parçacığı bu nesneye erişemiyor.
2025-09-07 13:15:43 Parse error: Başka bir iş parçacığına ait olduğundan çağıran iş parçacığı bu nesneye erişemiyor.
2025-09-07 13:15:44 Parse error: Başka bir iş parçacığına ait olduğundan çağıran iş parçacığı bu nesneye erişemiyor.
2025-09-07 13:15:46 Parse error: Başka bir iş parçacığına ait olduğundan çağıran iş parçacığı bu nesneye erişemiyor.
2025-09-07 13:15:49 Parse error: Başka bir iş parçacığına ait olduğundan çağıran iş parçacığı bu nesneye erişemiyor.
2025-09-07 13:15:52 Parse error: Başka bir iş parçacığına ait olduğundan çağıran iş parçacığı bu nesneye erişemiyor.
2025-09-07 13:15:54 Parse error: Başka bir iş parçacığına ait olduğundan çağıran iş parçacığı bu nesneye erişemiyor.
2025-09-07 13:15:57 Parse error: Başka bir iş parçacığına ait olduğundan çağıran iş parçacığı bu nesneye erişemiyor.
2025-09-07 13:15:58 Parse error: Başka bir iş parçacığına ait olduğundan çağıran iş parçacığı bu nesneye erişemiyor.
2025-09-07 13:15:59 Parse error: Başka bir iş parçacığına ait olduğundan çağıran iş parçacığı bu nesneye erişemiyor.
2025-09-07 13:16:00 StopAsync
2025-09-07 13:16:00 ConnectLoop error: The operation was canceled.
2025-09-07 13:16:00 WS closed
2025-09-07 13:16:00 CloseAsync error: The WebSocket is in an invalid state ('Aborted') for this operation. Valid states are: 'Open, CloseReceived, CloseSent'
2025-09-07 13:16:20 StartAsync
2025-09-07 13:16:20 StopAsync
2025-09-07 13:16:20 Monitor: state Closed gap -1
2025-09-07 13:16:20 WS state Connecting attempt 0
2025-09-07 13:16:21 WS connected
2025-09-07 13:20:42 StopAsync
2025-09-07 13:20:42 CloseAsync error: The WebSocket is in an invalid state ('Aborted') for this operation. Valid states are: 'Open, CloseReceived, CloseSent'
2025-09-07 13:20:42 ConnectLoop error: The operation was canceled.
2025-09-07 13:20:42 WS closed
2025-09-07 13:20:55 StartAsync
2025-09-07 13:20:55 StopAsync
2025-09-07 13:20:55 Monitor: state Connecting gap -1
2025-09-07 13:20:55 WS state Connecting attempt 0
2025-09-07 13:20:56 WS connected
2025-09-07 13:25:10 StopAsync
2025-09-07 13:25:10 CloseAsync error: The WebSocket is in an invalid state ('Aborted') for this operation. Valid states are: 'Open, CloseReceived, CloseSent'
2025-09-07 13:25:10 ConnectLoop error: The operation was canceled.
2025-09-07 13:25:10 WS closed
2025-09-07 13:25:24 StartAsync
2025-09-07 13:25:24 StopAsync
2025-09-07 13:25:24 Monitor: state Connecting gap -1
2025-09-07 13:25:25 WS state Connecting attempt 0
2025-09-07 13:25:26 WS connected
2025-09-07 13:29:03 StopAsync
2025-09-07 13:29:03 ConnectLoop error: The operation was canceled.
2025-09-07 13:29:03 WS closed
2025-09-07 13:29:03 CloseAsync error: The WebSocket is in an invalid state ('Aborted') for this operation. Valid states are: 'Open, CloseReceived, CloseSent'
2025-09-07 13:46:08 StartAsync
2025-09-07 13:46:08 StopAsync
2025-09-07 13:46:08 Monitor: state Closed gap -1
2025-09-07 13:46:09 WS state Connecting attempt 0
2025-09-07 13:46:10 WS connected
2025-09-07 13:55:32 StopAsync
2025-09-07 13:55:32 ConnectLoop error: The operation was canceled.
2025-09-07 13:55:32 WS closed
2025-09-07 13:55:32 CloseAsync error: The WebSocket is in an invalid state ('Aborted') for this operation. Valid states are: 'Open, CloseReceived, CloseSent'
2025-09-07 13:55:50 StartAsync
2025-09-07 13:55:50 StopAsync
2025-09-07 13:55:50 Monitor: state Connecting gap -1
2025-09-07 13:55:50 WS state Connecting attempt 0
2025-09-07 13:55:51 WS connected
2025-09-07 13:57:35 Parse error: Başka bir iş parçacığına ait olduğundan çağıran iş parçacığı bu nesneye erişemiyor.
2025-09-07 13:57:37 Parse error: Başka bir iş parçacığına ait olduğundan çağıran iş parçacığı bu nesneye erişemiyor.
2025-09-07 13:57:38 Parse error: Başka bir iş parçacığına ait olduğundan çağıran iş parçacığı bu nesneye erişemiyor.
2025-09-07 13:57:39 Parse error: Başka bir iş parçacığına ait olduğundan çağıran iş parçacığı bu nesneye erişemiyor.
2025-09-07 13:57:40 Parse error: Başka bir iş parçacığına ait olduğundan çağıran iş parçacığı bu nesneye erişemiyor.
2025-09-07 13:57:41 Parse error: Başka bir iş parçacığına ait olduğundan çağıran iş parçacığı bu nesneye erişemiyor.
2025-09-07 13:57:42 Parse error: Başka bir iş parçacığına ait olduğundan çağıran iş parçacığı bu nesneye erişemiyor.
2025-09-07 13:57:43 Parse error: Başka bir iş parçacığına ait olduğundan çağıran iş parçacığı bu nesneye erişemiyor.
2025-09-07 13:57:44 Parse error: Başka bir iş parçacığına ait olduğundan çağıran iş parçacığı bu nesneye erişemiyor.
2025-09-07 13:57:45 Parse error: Başka bir iş parçacığına ait olduğundan çağıran iş parçacığı bu nesneye erişemiyor.
2025-09-07 13:57:47 Parse error: Başka bir iş parçacığına ait olduğundan çağıran iş parçacığı bu nesneye erişemiyor.
2025-09-07 13:57:50 Parse error: Başka bir iş parçacığına ait olduğundan çağıran iş parçacığı bu nesneye erişemiyor.
2025-09-07 13:57:50 Parse error: Başka bir iş parçacığına ait olduğundan çağıran iş parçacığı bu nesneye erişemiyor.
2025-09-07 13:57:54 Parse error: Başka bir iş parçacığına ait olduğundan çağıran iş parçacığı bu nesneye erişemiyor.
2025-09-07 13:57:57 Parse error: Başka bir iş parçacığına ait olduğundan çağıran iş parçacığı bu nesneye erişemiyor.
2025-09-07 13:57:58 Parse error: Başka bir iş parçacığına ait olduğundan çağıran iş parçacığı bu nesneye erişemiyor.
2025-09-07 13:57:59 Parse error: Başka bir iş parçacığına ait olduğundan çağıran iş parçacığı bu nesneye erişemiyor.
2025-09-07 13:58:00 Parse error: Başka bir iş parçacığına ait olduğundan çağıran iş parçacığı bu nesneye erişemiyor.
2025-09-07 13:58:02 Parse error: Başka bir iş parçacığına ait olduğundan çağıran iş parçacığı bu nesneye erişemiyor.
2025-09-07 13:58:03 Parse error: Başka bir iş parçacığına ait olduğundan çağıran iş parçacığı bu nesneye erişemiyor.
2025-09-07 13:58:04 Parse error: Başka bir iş parçacığına ait olduğundan çağıran iş parçacığı bu nesneye erişemiyor.
2025-09-07 13:58:06 Parse error: Başka bir iş parçacığına ait olduğundan çağıran iş parçacığı bu nesneye erişemiyor.
2025-09-07 13:58:16 Parse error: Başka bir iş parçacığına ait olduğundan çağıran iş parçacığı bu nesneye erişemiyor.
2025-09-07 13:58:17 Parse error: Başka bir iş parçacığına ait olduğundan çağıran iş parçacığı bu nesneye erişemiyor.
2025-09-07 13:58:20 Parse error: Başka bir iş parçacığına ait olduğundan çağıran iş parçacığı bu nesneye erişemiyor.
2025-09-07 13:58:23 Parse error: Başka bir iş parçacığına ait olduğundan çağıran iş parçacığı bu nesneye erişemiyor.
2025-09-07 13:58:29 Parse error: Başka bir iş parçacığına ait olduğundan çağıran iş parçacığı bu nesneye erişemiyor.
2025-09-07 13:58:31 Parse error: Başka bir iş parçacığına ait olduğundan çağıran iş parçacığı bu nesneye erişemiyor.
2025-09-07 13:58:33 Parse error: Başka bir iş parçacığına ait olduğundan çağıran iş parçacığı bu nesneye erişemiyor.
2025-09-07 13:58:38 Parse error: Başka bir iş parçacığına ait olduğundan çağıran iş parçacığı bu nesneye erişemiyor.
2025-09-07 13:58:43 Parse error: Başka bir iş parçacığına ait olduğundan çağıran iş parçacığı bu nesneye erişemiyor.
2025-09-07 13:58:52 Parse error: Başka bir iş parçacığına ait olduğundan çağıran iş parçacığı bu nesneye erişemiyor.
2025-09-07 13:58:58 Parse error: Başka bir iş parçacığına ait olduğundan çağıran iş parçacığı bu nesneye erişemiyor.
2025-09-07 13:59:01 Parse error: Başka bir iş parçacığına ait olduğundan çağıran iş parçacığı bu nesneye erişemiyor.
2025-09-07 13:59:02 Parse error: Başka bir iş parçacığına ait olduğundan çağıran iş parçacığı bu nesneye erişemiyor.
2025-09-07 13:59:03 Parse error: Başka bir iş parçacığına ait olduğundan çağıran iş parçacığı bu nesneye erişemiyor.
2025-09-07 13:59:04 Parse error: Başka bir iş parçacığına ait olduğundan çağıran iş parçacığı bu nesneye erişemiyor.
2025-09-07 13:59:05 Parse error: Başka bir iş parçacığına ait olduğundan çağıran iş parçacığı bu nesneye erişemiyor.
2025-09-07 13:59:06 Parse error: Başka bir iş parçacığına ait olduğundan çağıran iş parçacığı bu nesneye erişemiyor.
2025-09-07 13:59:12 Parse error: Başka bir iş parçacığına ait olduğundan çağıran iş parçacığı bu nesneye erişemiyor.
2025-09-07 13:59:14 Parse error: Başka bir iş parçacığına ait olduğundan çağıran iş parçacığı bu nesneye erişemiyor.
2025-09-07 13:59:16 Parse error: Başka bir iş parçacığına ait olduğundan çağıran iş parçacığı bu nesneye erişemiyor.
2025-09-07 13:59:20 Parse error: Başka bir iş parçacığına ait olduğundan çağıran iş parçacığı bu nesneye erişemiyor.
2025-09-07 13:59:29 Parse error: Başka bir iş parçacığına ait olduğundan çağıran iş parçacığı bu nesneye erişemiyor.
2025-09-07 13:59:31 Parse error: Başka bir iş parçacığına ait olduğundan çağıran iş parçacığı bu nesneye erişemiyor.
2025-09-07 13:59:37 Parse error: Başka bir iş parçacığına ait olduğundan çağıran iş parçacığı bu nesneye erişemiyor.
2025-09-07 13:59:38 Parse error: Başka bir iş parçacığına ait olduğundan çağıran iş parçacığı bu nesneye erişemiyor.
2025-09-07 13:59:41 Parse error: Başka bir iş parçacığına ait olduğundan çağıran iş parçacığı bu nesneye erişemiyor.
2025-09-07 13:59:45 Parse error: Başka bir iş parçacığına ait olduğundan çağıran iş parçacığı bu nesneye erişemiyor.
2025-09-07 13:59:48 Parse error: Başka bir iş parçacığına ait olduğundan çağıran iş parçacığı bu nesneye erişemiyor.
2025-09-07 13:59:53 Parse error: Başka bir iş parçacığına ait olduğundan çağıran iş parçacığı bu nesneye erişemiyor.
2025-09-07 13:59:54 Parse error: Başka bir iş parçacığına ait olduğundan çağıran iş parçacığı bu nesneye erişemiyor.
2025-09-07 13:59:57 Parse error: Başka bir iş parçacığına ait olduğundan çağıran iş parçacığı bu nesneye erişemiyor.
2025-09-07 14:00:01 Parse error: Başka bir iş parçacığına ait olduğundan çağıran iş parçacığı bu nesneye erişemiyor.
2025-09-07 14:00:02 Parse error: Başka bir iş parçacığına ait olduğundan çağıran iş parçacığı bu nesneye erişemiyor.
2025-09-07 14:00:04 Parse error: Başka bir iş parçacığına ait olduğundan çağıran iş parçacığı bu nesneye erişemiyor.
2025-09-07 14:00:05 Parse error: Başka bir iş parçacığına ait olduğundan çağıran iş parçacığı bu nesneye erişemiyor.
2025-09-07 14:00:06 Parse error: Başka bir iş parçacığına ait olduğundan çağıran iş parçacığı bu nesneye erişemiyor.
2025-09-07 14:00:07 Parse error: Başka bir iş parçacığına ait olduğundan çağıran iş parçacığı bu nesneye erişemiyor.
2025-09-07 14:00:08 Parse error: Başka bir iş parçacığına ait olduğundan çağıran iş parçacığı bu nesneye erişemiyor.
2025-09-07 14:00:10 Parse error: Başka bir iş parçacığına ait olduğundan çağıran iş parçacığı bu nesneye erişemiyor.
2025-09-07 14:00:11 Parse error: Başka bir iş parçacığına ait olduğundan çağıran iş parçacığı bu nesneye erişemiyor.
2025-09-07 14:00:12 Parse error: Başka bir iş parçacığına ait olduğundan çağıran iş parçacığı bu nesneye erişemiyor.
2025-09-07 14:00:14 Parse error: Başka bir iş parçacığına ait olduğundan çağıran iş parçacığı bu nesneye erişemiyor.
2025-09-07 14:00:16 Parse error: Başka bir iş parçacığına ait olduğundan çağıran iş parçacığı bu nesneye erişemiyor.
2025-09-07 14:00:17 Parse error: Başka bir iş parçacığına ait olduğundan çağıran iş parçacığı bu nesneye erişemiyor.
2025-09-07 14:00:18 Parse error: Başka bir iş parçacığına ait olduğundan çağıran iş parçacığı bu nesneye erişemiyor.
2025-09-07 14:00:20 Parse error: Başka bir iş parçacığına ait olduğundan çağıran iş parçacığı bu nesneye erişemiyor.
2025-09-07 14:00:23 Parse error: Başka bir iş parçacığına ait olduğundan çağıran iş parçacığı bu nesneye erişemiyor.
2025-09-07 14:00:25 Parse error: Başka bir iş parçacığına ait olduğundan çağıran iş parçacığı bu nesneye erişemiyor.
2025-09-07 14:00:28 Parse error: Başka bir iş parçacığına ait olduğundan çağıran iş parçacığı bu nesneye erişemiyor.
2025-09-07 14:00:28 StopAsync
2025-09-07 14:00:28 WS closed
2025-09-07 14:00:43 StartAsync
2025-09-07 14:00:43 StopAsync
2025-09-07 14:00:43 Monitor: state Connecting gap -1
2025-09-07 14:00:43 WS state Connecting attempt 0
2025-09-07 14:00:44 WS connected
2025-09-07 14:06:14 Parse error: Başka bir iş parçacığına ait olduğundan çağıran iş parçacığı bu nesneye erişemiyor.
2025-09-07 14:06:28 Parse error: Başka bir iş parçacığına ait olduğundan çağıran iş parçacığı bu nesneye erişemiyor.
2025-09-07 14:06:34 Parse error: Başka bir iş parçacığına ait olduğundan çağıran iş parçacığı bu nesneye erişemiyor.
2025-09-07 14:06:44 Parse error: Başka bir iş parçacığına ait olduğundan çağıran iş parçacığı bu nesneye erişemiyor.
2025-09-07 14:06:47 Parse error: Başka bir iş parçacığına ait olduğundan çağıran iş parçacığı bu nesneye erişemiyor.
2025-09-07 14:06:48 Parse error: Başka bir iş parçacığına ait olduğundan çağıran iş parçacığı bu nesneye erişemiyor.
2025-09-07 14:07:01 Parse error: Başka bir iş parçacığına ait olduğundan çağıran iş parçacığı bu nesneye erişemiyor.
2025-09-07 14:07:06 Parse error: Başka bir iş parçacığına ait olduğundan çağıran iş parçacığı bu nesneye erişemiyor.
2025-09-07 14:07:27 Parse error: Başka bir iş parçacığına ait olduğundan çağıran iş parçacığı bu nesneye erişemiyor.
2025-09-07 14:07:29 Parse error: Başka bir iş parçacığına ait olduğundan çağıran iş parçacığı bu nesneye erişemiyor.
2025-09-07 14:07:32 Parse error: Başka bir iş parçacığına ait olduğundan çağıran iş parçacığı bu nesneye erişemiyor.
2025-09-07 14:07:51 Parse error: Başka bir iş parçacığına ait olduğundan çağıran iş parçacığı bu nesneye erişemiyor.
2025-09-07 14:08:01 Parse error: Başka bir iş parçacığına ait olduğundan çağıran iş parçacığı bu nesneye erişemiyor.
2025-09-07 14:08:02 Parse error: Başka bir iş parçacığına ait olduğundan çağıran iş parçacığı bu nesneye erişemiyor.
2025-09-07 14:08:04 Parse error: Başka bir iş parçacığına ait olduğundan çağıran iş parçacığı bu nesneye erişemiyor.
2025-09-07 14:09:01 Parse error: Başka bir iş parçacığına ait olduğundan çağıran iş parçacığı bu nesneye erişemiyor.
2025-09-07 14:09:09 Parse error: Başka bir iş parçacığına ait olduğundan çağıran iş parçacığı bu nesneye erişemiyor.
2025-09-07 14:09:12 Parse error: Başka bir iş parçacığına ait olduğundan çağıran iş parçacığı bu nesneye erişemiyor.
2025-09-07 14:09:17 StopAsync
2025-09-07 14:09:17 ConnectLoop error: The operation was canceled.
2025-09-07 14:09:17 WS closed
2025-09-07 14:09:17 CloseAsync error: The WebSocket is in an invalid state ('Aborted') for this operation. Valid states are: 'Open, CloseReceived, CloseSent'
2025-09-07 14:16:25 StartAsync
2025-09-07 14:16:25 StopAsync
2025-09-07 14:16:25 Monitor: state Connecting gap -1
2025-09-07 14:16:25 WS state Connecting attempt 0
2025-09-07 14:16:26 WS connected
2025-09-07 14:25:35 StopAsync
2025-09-07 14:25:35 ConnectLoop error: The operation was canceled.
2025-09-07 14:25:35 WS closed
2025-09-07 14:25:35 CloseAsync error: The WebSocket is in an invalid state ('Aborted') for this operation. Valid states are: 'Open, CloseReceived, CloseSent'
2025-09-07 14:25:51 StartAsync
2025-09-07 14:25:51 StopAsync
2025-09-07 14:25:51 Monitor: state Closed gap -1
2025-09-07 14:25:51 WS state Connecting attempt 0
2025-09-07 14:25:52 WS connected
2025-09-07 14:26:26 StopAsync
2025-09-07 14:26:26 CloseAsync error: The WebSocket is in an invalid state ('Aborted') for this operation. Valid states are: 'Open, CloseReceived, CloseSent'
2025-09-07 14:26:26 ConnectLoop error: The operation was canceled.
2025-09-07 14:26:26 WS closed
2025-09-07 14:31:50 StartAsync
2025-09-07 14:31:50 StopAsync
2025-09-07 14:31:50 Monitor: state Connecting gap -1
2025-09-07 14:31:50 WS state Connecting attempt 0
2025-09-07 14:31:51 WS connected
2025-09-07 14:35:00 StopAsync
2025-09-07 14:35:01 CloseAsync error: The WebSocket is in an invalid state ('Aborted') for this operation. Valid states are: 'Open, CloseReceived, CloseSent'
2025-09-07 14:35:01 ConnectLoop error: The operation was canceled.
2025-09-07 14:35:01 WS closed
2025-09-07 14:38:29 StartAsync
2025-09-07 14:38:29 StopAsync
2025-09-07 14:38:30 Monitor: state Connecting gap -1
2025-09-07 14:38:30 WS state Connecting attempt 0
2025-09-07 14:38:31 WS connected
2025-09-07 14:46:48 StopAsync
2025-09-07 14:46:48 CloseAsync error: The WebSocket is in an invalid state ('Aborted') for this operation. Valid states are: 'Open, CloseReceived, CloseSent'
2025-09-07 14:46:48 ConnectLoop error: The operation was canceled.
2025-09-07 14:46:48 WS closed
2025-09-07 14:57:49 StartAsync
2025-09-07 14:57:49 StopAsync
2025-09-07 14:57:49 Monitor: state Connecting gap -1
2025-09-07 14:57:49 WS state Connecting attempt 0
2025-09-07 14:57:50 WS connected
